p:\c\commandline\libs\libjggtoolsbase64.pdb
p:\c\commandline\libs\libjggtoolsbase64.idb
p:\c\commandline\libjggtoolsbase\temp\datatype.obj
p:\c\commandline\libjggtoolsbase\temp\timestamp.obj
p:\c\commandline\libjggtoolsbase\temp\time.obj
p:\c\commandline\libjggtoolsbase\temp\sstring.obj
p:\c\commandline\libjggtoolsbase\temp\short.obj
p:\c\commandline\libjggtoolsbase\temp\pathimpl.obj
p:\c\commandline\libjggtoolsbase\temp\path.obj
p:\c\commandline\libjggtoolsbase\temp\natural.obj
p:\c\commandline\libjggtoolsbase\temp\longinteger.obj
p:\c\commandline\libjggtoolsbase\temp\logical.obj
p:\c\commandline\libjggtoolsbase\temp\integer.obj
p:\c\commandline\libjggtoolsbase\temp\exceptions.obj
p:\c\commandline\libjggtoolsbase\temp\decimalimpl.obj
p:\c\commandline\libjggtoolsbase\temp\decimal.obj
p:\c\commandline\libjggtoolsbase\temp\datetimeimpl.obj
p:\c\commandline\libjggtoolsbase\temp\datetime.obj
p:\c\commandline\libjggtoolsbase\temp\dateimpl.obj
p:\c\commandline\libjggtoolsbase\temp\date.obj
p:\c\commandline\libjggtoolsbase\temp\byte.obj
p:\c\commandline\libs\libjggtoolsbase64.lib
p:\c\commandline\\libs\libjggtoolsbase64.pdb
p:\c\commandline\libjggtoolsbase\temp\libjggtoolsbase.tlog\cl.command.1.tlog
p:\c\commandline\libjggtoolsbase\temp\libjggtoolsbase.tlog\cl.read.1.tlog
p:\c\commandline\libjggtoolsbase\temp\libjggtoolsbase.tlog\cl.write.1.tlog
p:\c\commandline\libjggtoolsbase\temp\libjggtoolsbase.tlog\lib-link.read.1.tlog
p:\c\commandline\libjggtoolsbase\temp\libjggtoolsbase.tlog\lib-link.write.1.tlog
p:\c\commandline\libjggtoolsbase\temp\libjggtoolsbase.tlog\lib.command.1.tlog
